C51 COMPILER V9.54   MAIN                                                                  04/14/2024 23:10:15 PAGE 1   


C51 COMPILER V9.54, COMPILATION OF MODULE MAIN
OBJECT MODULE PLACED IN .\Objects\main.obj
COMPILER INVOKED BY: C:\Keil_v5\C51\BIN\C51.EXE main.c OPTIMIZE(8,SPEED) BROWSE DEBUG OBJECTEXTEND PRINT(.\Listings\main
                    -.lst) TABS(2) OBJECT(.\Objects\main.obj)

line level    source

   1          #include <REGX52.H>
   2          #include "LCD1602.h"
   3          #include "DS18B20.h"
   4          //P3_7接J14
   5          float T;
   6          void main()
   7          {
   8   1        LCD_Init();
   9   1        LCD_ShowString(1,1,"Temperature:");
  10   1        while(1)
  11   1        {
  12   2          DS18B20_ConvertT();
  13   2          T=DS18B20_ReadT();
  14   2          if(T<0)
  15   2          {
  16   3          LCD_ShowChar(2,1,'-');
  17   3          T=-T;
  18   3          }
  19   2          else
  20   2          {
  21   3          LCD_ShowChar(2,1,'+');
  22   3          }
  23   2          LCD_ShowNum(2,2,T,3);
  24   2          LCD_ShowChar(2,5,'.');
  25   2          LCD_ShowNum(2,6,(unsigned long)(T*10000)%10000,4);
  26   2        }
  27   1      }


MODULE INFORMATION:   STATIC OVERLAYABLE
   CODE SIZE        =    166    ----
   CONSTANT SIZE    =     13    ----
   XDATA SIZE       =   ----    ----
   PDATA SIZE       =   ----    ----
   DATA SIZE        =      4    ----
   IDATA SIZE       =   ----    ----
   BIT SIZE         =   ----    ----
END OF MODULE INFORMATION.


C51 COMPILATION COMPLETE.  0 WARNING(S),  0 ERROR(S)
