C51 COMPILER V9.54   ONEWIRE                                                               04/14/2024 23:18:29 PAGE 1   


C51 COMPILER V9.54, COMPILATION OF MODULE ONEWIRE
OBJECT MODULE PLACED IN .\Objects\OneWire.obj
COMPILER INVOKED BY: C:\Keil_v5\C51\BIN\C51.EXE OneWire.c OPTIMIZE(8,SPEED) BROWSE DEBUG OBJECTEXTEND PRINT(.\Listings\O
                    -neWire.lst) TABS(2) OBJECT(.\Objects\OneWire.obj)

line level    source

   1          #include <REGX52.H>
   2          //P3_7接J14
   3          sbit OneWire_DQ=P3^7;
   4          
   5          unsigned char OneWire_Init(void)
   6          {
   7   1        unsigned char i;
   8   1        unsigned char AckBit;
   9   1        OneWire_DQ=1;
  10   1        OneWire_DQ=0;
  11   1      
  12   1        i = 247;while (--i);    //Delay500us
  13   1      
  14   1        OneWire_DQ=1;
  15   1        i = 32;while (--i);     //Delay70us
  16   1        AckBit=OneWire_DQ;
  17   1        i = 247;while (--i);    //Delay500us
  18   1        return AckBit;
  19   1      }
  20          void OneWire_SendBit(unsigned char Bit)
  21          {
  22   1          unsigned char i;
  23   1          OneWire_DQ=0;
  24   1          i = 4;while (--i);    //Delay 10us
  25   1          OneWire_DQ=Bit;
  26   1          i = 24;while (--i);   //Delay 50us
  27   1          OneWire_DQ=1;
  28   1      }
  29          
  30          unsigned char OneWire_ReceiveBit()
  31          {
  32   1          unsigned char i;
  33   1          unsigned char Bit;
  34   1          OneWire_DQ=0;
  35   1          i = 2;while (--i);    //Delay 5us
  36   1          OneWire_DQ=1;
  37   1          i = 2;while (--i);    //Delay 5us
  38   1          Bit=OneWire_DQ;
  39   1          i = 24;while (--i);   //Delay 50us
  40   1          return Bit;
  41   1      }
  42          void OneWire_SendByte(unsigned char Byte)
  43          {
  44   1        unsigned char i;
  45   1        for(i=0;i<8;i++)
  46   1        {
  47   2        OneWire_SendBit(Byte&(0x01<<i));
  48   2        }
  49   1      }
  50          
  51          unsigned char OneWire_ReceiveByte()
  52          {
  53   1        unsigned char i;
  54   1        unsigned char Byte=0x00;
C51 COMPILER V9.54   ONEWIRE                                                               04/14/2024 23:18:29 PAGE 2   

  55   1        for(i=0;i<8;i++)
  56   1        {
  57   2        if(OneWire_ReceiveBit()){Byte|=0x01<<i;}
  58   2        }
  59   1        return Byte;
  60   1      }


MODULE INFORMATION:   STATIC OVERLAYABLE
   CODE SIZE        =    122    ----
   CONSTANT SIZE    =   ----    ----
   XDATA SIZE       =   ----    ----
   PDATA SIZE       =   ----    ----
   DATA SIZE        =   ----    ----
   IDATA SIZE       =   ----    ----
   BIT SIZE         =   ----    ----
END OF MODULE INFORMATION.


C51 COMPILATION COMPLETE.  0 WARNING(S),  0 ERROR(S)
